<?xml version="1.0" encoding="UTF-8"?>
<!-- Generated by org.testng.reporters.JUnitReportReporter -->
<testsuite hostname="DESKTOP-IL2KSFI" name="beb.TestFullMemberCanOnlyViewSubscription" tests="1" failures="0" timestamp="26 Oct 2021 01:30:34 GMT" time="27.101" errors="0">
  <testcase name="testFullMemberCanOnlyViewSubscription" time="27.101" classname="beb.TestFullMemberCanOnlyViewSubscription"/>
</testsuite> <!-- beb.TestFullMemberCanOnlyViewSubscription -->
