<?xml version="1.0" encoding="UTF-8"?>
<!-- Generated by org.testng.reporters.JUnitReportReporter -->
<testsuite hostname="DESKTOP-IL2KSFI" name="settings.TestFreeAdminNavitateToAccountSettings" tests="1" failures="0" timestamp="31 Oct 2021 14:14:15 GMT" time="9.360" errors="0">
  <testcase name="testFreeAdminNavitateToAccountSettings" time="9.360" classname="settings.TestFreeAdminNavitateToAccountSettings"/>
</testsuite> <!-- settings.TestFreeAdminNavitateToAccountSettings -->
