<?xml version="1.0" encoding="UTF-8"?>
<!-- Generated by org.testng.reporters.JUnitReportReporter -->
<testsuite hostname="DESKTOP-IL2KSFI" name="settings.TestFreeAdminSubscription" tests="1" failures="0" timestamp="31 Oct 2021 15:35:51 GMT" time="17.804" errors="0">
  <testcase name="testFreeAdminSubscription" time="17.804" classname="settings.TestFreeAdminSubscription"/>
</testsuite> <!-- settings.TestFreeAdminSubscription -->
