<?xml version="1.0" encoding="UTF-8"?>
<!-- Generated by org.testng.reporters.JUnitReportReporter -->
<testsuite hostname="DESKTOP-IL2KSFI" name="beb.SignIn" tests="1" failures="0" timestamp="25 Oct 2021 22:30:46 GMT" time="3.694" errors="0">
  <testcase name="signInWithGithub" time="3.694" classname="beb.SignIn"/>
</testsuite> <!-- beb.SignIn -->
