<?xml version="1.0" encoding="UTF-8"?>
<!-- Generated by org.testng.reporters.JUnitReportReporter -->
<testsuite hostname="DESKTOP-IL2KSFI" name="settings.TestAdminClickInviteMember" tests="1" failures="0" timestamp="27 Oct 2021 00:46:19 GMT" time="12.225" errors="0">
  <testcase name="testAdminClickInviteMember" time="12.225" classname="settings.TestAdminClickInviteMember"/>
</testsuite> <!-- settings.TestAdminClickInviteMember -->
