<?xml version="1.0" encoding="UTF-8"?>
<!-- Generated by org.testng.reporters.JUnitReportReporter -->
<testsuite hostname="DESKTOP-IL2KSFI" name="settings.TestAdminChangeBirdStatusSetting" tests="1" failures="0" timestamp="31 Oct 2021 15:35:51 GMT" time="37.910" errors="0">
  <testcase name="testAdminChangeBirdStatusSetting" time="37.910" classname="settings.TestAdminChangeBirdStatusSetting"/>
</testsuite> <!-- settings.TestAdminChangeBirdStatusSetting -->
