<?xml version="1.0" encoding="UTF-8"?>
<!-- Generated by org.testng.reporters.JUnitReportReporter -->
<testsuite hostname="DESKTOP-IL2KSFI" name="settings.TestNavigateLinksFromHelpIcon" tests="1" failures="0" timestamp="31 Oct 2021 14:14:15 GMT" time="12.322" errors="0">
  <testcase name="testNavigateLinksFromHelpIcon" time="12.322" classname="settings.TestNavigateLinksFromHelpIcon"/>
</testsuite> <!-- settings.TestNavigateLinksFromHelpIcon -->
