<?xml version="1.0" encoding="UTF-8"?>
<!-- Generated by org.testng.reporters.JUnitReportReporter -->
<testsuite hostname="DESKTOP-IL2KSFI" name="sessionDetails.TestConfirmationLeavingWithoutSavingTitleDescription" tests="1" failures="0" timestamp="31 Oct 2021 15:35:51 GMT" time="14.565" errors="0">
  <testcase name="testConfirmationLeavingWithoutSavingTitleDescription" time="14.565" classname="sessionDetails.TestConfirmationLeavingWithoutSavingTitleDescription"/>
</testsuite> <!-- sessionDetails.TestConfirmationLeavingWithoutSavingTitleDescription -->
