<?xml version="1.0" encoding="UTF-8"?>
<!-- Generated by org.testng.reporters.JUnitReportReporter -->
<testsuite hostname="DESKTOP-IL2KSFI" name="sessionDetails.TestEditTitleDescription" tests="1" failures="0" timestamp="31 Oct 2021 15:35:51 GMT" time="20.489" errors="0">
  <testcase name="testEditTitleDescription" time="20.489" classname="sessionDetails.TestEditTitleDescription"/>
</testsuite> <!-- sessionDetails.TestEditTitleDescription -->
