<?xml version="1.0" encoding="UTF-8"?>
<!-- Generated by org.testng.reporters.JUnitReportReporter -->
<testsuite hostname="DESKTOP-IL2KSFI" name="settings.TestConfirmationLeavingWithoutSavingTitleDescription" tests="1" failures="0" timestamp="31 Oct 2021 14:29:18 GMT" time="12.898" errors="0">
  <testcase name="testConfirmationLeavingWithoutSavingTitleDescription" time="12.898" classname="settings.TestConfirmationLeavingWithoutSavingTitleDescription"/>
</testsuite> <!-- settings.TestConfirmationLeavingWithoutSavingTitleDescription -->
