<?xml version="1.0" encoding="UTF-8"?>
<!-- Generated by org.testng.reporters.JUnitReportReporter -->
<testsuite hostname="DESKTOP-IL2KSFI" name="settings.TestMemberClickInviteMember" tests="1" failures="0" timestamp="27 Oct 2021 00:52:41 GMT" time="10.702" errors="0">
  <testcase name="testMemberClickInviteMember" time="10.702" classname="settings.TestMemberClickInviteMember"/>
</testsuite> <!-- settings.TestMemberClickInviteMember -->
