<?xml version="1.0" encoding="UTF-8"?>
<!-- Generated by org.testng.reporters.JUnitReportReporter -->
<testsuite hostname="DESKTOP-IL2KSFI" name="beb.TestFullMemberCantEditSharedWorkspace" tests="1" failures="0" timestamp="25 Oct 2021 22:30:46 GMT" time="14.622" errors="0">
  <testcase name="testFullMemberCantEditSharedWorkspace" time="14.622" classname="beb.TestFullMemberCantEditSharedWorkspace"/>
</testsuite> <!-- beb.TestFullMemberCantEditSharedWorkspace -->
