<?xml version="1.0" encoding="UTF-8"?>
<!-- Generated by org.testng.reporters.JUnitReportReporter -->
<testsuite hostname="DESKTOP-IL2KSFI" name="beb.SignUp" tests="1" failures="0" timestamp="10 Oct 2021 01:31:49 GMT" time="9.185" errors="0">
  <testcase name="signUp" time="9.185" classname="beb.SignUp"/>
</testsuite> <!-- beb.SignUp -->
