<?xml version="1.0" encoding="UTF-8"?>
<!-- Generated by org.testng.reporters.JUnitReportReporter -->
<testsuite hostname="DESKTOP-IL2KSFI" name="settings.TestEditTitleDescription" tests="1" failures="0" timestamp="31 Oct 2021 14:14:15 GMT" time="19.255" errors="0">
  <testcase name="testEditTitleDescription" time="19.255" classname="settings.TestEditTitleDescription"/>
</testsuite> <!-- settings.TestEditTitleDescription -->
