<?xml version="1.0" encoding="UTF-8"?>
<!-- Generated by org.testng.reporters.JUnitReportReporter -->
<testsuite hostname="DESKTOP-NEJTUVQ" failures="0" tests="1" name="settings.TestFullMemberCanOnlyViewSubscription" time="27.451" errors="0" timestamp="3 Nov 2021 02:36:46 GMT">
  <testcase classname="settings.TestFullMemberCanOnlyViewSubscription" name="testFullMemberCanOnlyViewSubscription" time="27.451"/>
</testsuite> <!-- settings.TestFullMemberCanOnlyViewSubscription -->
