<?xml version="1.0" encoding="UTF-8"?>
<!-- Generated by org.testng.reporters.JUnitReportReporter -->
<testsuite hostname="DESKTOP-IL2KSFI" name="settings.TestMemberClickInviteMemberAndIntegrations" tests="1" failures="0" timestamp="31 Oct 2021 15:35:51 GMT" time="9.831" errors="0">
  <testcase name="testMemberClickInviteMemberAndIntegrations" time="9.831" classname="settings.TestMemberClickInviteMemberAndIntegrations"/>
</testsuite> <!-- settings.TestMemberClickInviteMemberAndIntegrations -->
