<?xml version="1.0" encoding="UTF-8"?>
<!-- Generated by org.testng.reporters.JUnitReportReporter -->
<testsuite hostname="DESKTOP-IL2KSFI" name="sessionDetails.TestNavitateToAccountSettingsFromSessionDetails" tests="1" failures="0" timestamp="31 Oct 2021 15:35:51 GMT" time="10.351" errors="0">
  <testcase name="testNavitateToAccountSettingsFromSessionDetails" time="10.351" classname="sessionDetails.TestNavitateToAccountSettingsFromSessionDetails"/>
</testsuite> <!-- sessionDetails.TestNavitateToAccountSettingsFromSessionDetails -->
