<?xml version="1.0" encoding="UTF-8"?>
<!-- Generated by org.testng.reporters.JUnitReportReporter -->
<testsuite hostname="DESKTOP-IL2KSFI" name="settings.TestEditProfileDetails" tests="1" failures="0" timestamp="31 Oct 2021 15:35:51 GMT" time="10.087" errors="0">
  <testcase name="testEditProfileDetails" time="10.087" classname="settings.TestEditProfileDetails"/>
</testsuite> <!-- settings.TestEditProfileDetails -->
