<?xml version="1.0" encoding="UTF-8"?>
<!-- Generated by org.testng.reporters.JUnitReportReporter -->
<testsuite hostname="DESKTOP-IL2KSFI" name="settings.TestFullMemberCantEditSharedWorkspace" tests="1" failures="0" timestamp="31 Oct 2021 15:35:51 GMT" time="14.286" errors="0">
  <testcase name="testFullMemberCantEditSharedWorkspace" time="14.286" classname="settings.TestFullMemberCantEditSharedWorkspace"/>
</testsuite> <!-- settings.TestFullMemberCantEditSharedWorkspace -->
