<?xml version="1.0" encoding="UTF-8"?>
<!-- Generated by org.testng.reporters.JUnitReportReporter -->
<testsuite hostname="DESKTOP-IL2KSFI" name="beb.TestEditProfileDetails" tests="1" failures="0" timestamp="25 Oct 2021 22:36:08 GMT" time="9.942" errors="0">
  <testcase name="testEditProfileDetails" time="9.942" classname="beb.TestEditProfileDetails"/>
</testsuite> <!-- beb.TestEditProfileDetails -->
